# JRE version: OpenJDK Runtime Environment (8.0_282-b08) (build 1.8.0_282-8u282-b08-0ubuntu1~16.04-b08)
# Java VM: OpenJDK 64-Bit Server VM (25.282-b08 mixed mode linux-amd64 compressed oops)
Heap:
 def new generation   total 19008K, used 3678K [0x00000000c0000000, 0x00000000c14a0000, 0x00000000d5550000)
  eden space 16896K,   9% used [0x00000000c0000000, 0x00000000c01a4540, 0x00000000c1080000)
  from space 2112K,  94% used [0x00000000c1080000, 0x00000000c12732d8, 0x00000000c1290000)
  to   space 2112K,   0% used [0x00000000c1290000, 0x00000000c1290000, 0x00000000c14a0000)
 tenured generation   total 42368K, used 2559K [0x00000000d5550000, 0x00000000d7eb0000, 0x0000000100000000)
   the space 42368K,   6% used [0x00000000d5550000, 0x00000000d57cff88, 0x00000000d57d0000, 0x00000000d7eb0000)
 Metaspace       used 8463K, capacity 8790K, committed 8960K, reserved 1056768K
  class space    used 1067K, capacity 1170K, committed 1280K, reserved 1048576K
GC Heap History (4 events):
Event: 1,386 GC heap before
{Heap before GC invocations=0 (full 0):
 def new generation   total 19008K, used 16896K [0x00000000c0000000, 0x00000000c14a0000, 0x00000000d5550000)
  eden space 16896K, 100% used [0x00000000c0000000, 0x00000000c1080000, 0x00000000c1080000)
  from space 2112K,   0% used [0x00000000c1080000, 0x00000000c1080000, 0x00000000c1290000)
  to   space 2112K,   0% used [0x00000000c1290000, 0x00000000c1290000, 0x00000000c14a0000)
 tenured generation   total 42368K, used 0K [0x00000000d5550000, 0x00000000d7eb0000, 0x0000000100000000)
   the space 42368K,   0% used [0x00000000d5550000, 0x00000000d5550000, 0x00000000d5550200, 0x00000000d7eb0000)
 Metaspace       used 4280K, capacity 5644K, committed 5888K, reserved 1056768K
  class space    used 370K, capacity 456K, committed 512K, reserved 1048576K
Event: 1,441 GC heap after
Heap after GC invocations=1 (full 0):
 def new generation   total 19008K, used 2112K [0x00000000c0000000, 0x00000000c14a0000, 0x00000000d5550000)
  eden space 16896K,   0% used [0x00000000c0000000, 0x00000000c0000000, 0x00000000c1080000)
  from space 2112K, 100% used [0x00000000c1290000, 0x00000000c14a0000, 0x00000000c14a0000)
  to   space 2112K,   0% used [0x00000000c1080000, 0x00000000c1080000, 0x00000000c1290000)
 tenured generation   total 42368K, used 968K [0x00000000d5550000, 0x00000000d7eb0000, 0x0000000100000000)
   the space 42368K,   2% used [0x00000000d5550000, 0x00000000d56420f0, 0x00000000d5642200, 0x00000000d7eb0000)
 Metaspace       used 4280K, capacity 5644K, committed 5888K, reserved 1056768K
  class space    used 370K, capacity 456K, committed 512K, reserved 1048576K
}
Event: 3,150 GC heap before
{Heap before GC invocations=1 (full 0):
 def new generation   total 19008K, used 19008K [0x00000000c0000000, 0x00000000c14a0000, 0x00000000d5550000)
  eden space 16896K, 100% used [0x00000000c0000000, 0x00000000c1080000, 0x00000000c1080000)
  from space 2112K, 100% used [0x00000000c1290000, 0x00000000c14a0000, 0x00000000c14a0000)
  to   space 2112K,   0% used [0x00000000c1080000, 0x00000000c1080000, 0x00000000c1290000)
 tenured generation   total 42368K, used 968K [0x00000000d5550000, 0x00000000d7eb0000, 0x0000000100000000)
   the space 42368K,   2% used [0x00000000d5550000, 0x00000000d56420f0, 0x00000000d5642200, 0x00000000d7eb0000)
 Metaspace       used 8121K, capacity 8528K, committed 8576K, reserved 1056768K
  class space    used 1029K, capacity 1105K, committed 1152K, reserved 1048576K
Event: 3,158 GC heap after
Heap after GC invocations=2 (full 0):
 def new generation   total 19008K, used 1996K [0x00000000c0000000, 0x00000000c14a0000, 0x00000000d5550000)
  eden space 16896K,   0% used [0x00000000c0000000, 0x00000000c0000000, 0x00000000c1080000)
  from space 2112K,  94% used [0x00000000c1080000, 0x00000000c12732d8, 0x00000000c1290000)
  to   space 2112K,   0% used [0x00000000c1290000, 0x00000000c1290000, 0x00000000c14a0000)
 tenured generation   total 42368K, used 2559K [0x00000000d5550000, 0x00000000d7eb0000, 0x0000000100000000)
   the space 42368K,   6% used [0x00000000d5550000, 0x00000000d57cff88, 0x00000000d57d0000, 0x00000000d7eb0000)
 Metaspace       used 8121K, capacity 8528K, committed 8576K, reserved 1056768K
  class space    used 1029K, capacity 1105K, committed 1152K, reserved 1048576K
}

