# JRE version: OpenJDK Runtime Environment (8.0_282-b08) (build 1.8.0_282-8u282-b08-0ubuntu1~16.04-b08)
# Java VM: OpenJDK 64-Bit Server VM (25.282-b08 mixed mode linux-amd64 compressed oops)
Heap:
 def new generation   total 19008K, used 2347K [0x00000000c0000000, 0x00000000c14a0000, 0x00000000d5550000)
  eden space 16896K,   2% used [0x00000000c0000000, 0x00000000c0057be8, 0x00000000c1080000)
  from space 2112K,  94% used [0x00000000c1080000, 0x00000000c12732e8, 0x00000000c1290000)
  to   space 2112K,   0% used [0x00000000c1290000, 0x00000000c1290000, 0x00000000c14a0000)
 tenured generation   total 42368K, used 2557K [0x00000000d5550000, 0x00000000d7eb0000, 0x0000000100000000)
   the space 42368K,   6% used [0x00000000d5550000, 0x00000000d57cf7a0, 0x00000000d57cf800, 0x00000000d7eb0000)
 Metaspace       used 8200K, capacity 8528K, committed 8576K, reserved 1056768K
  class space    used 1039K, capacity 1105K, committed 1152K, reserved 1048576K
GC Heap History (4 events):
Event: 4,885 GC heap before
{Heap before GC invocations=0 (full 0):
 def new generation   total 19008K, used 16896K [0x00000000c0000000, 0x00000000c14a0000, 0x00000000d5550000)
  eden space 16896K, 100% used [0x00000000c0000000, 0x00000000c1080000, 0x00000000c1080000)
  from space 2112K,   0% used [0x00000000c1080000, 0x00000000c1080000, 0x00000000c1290000)
  to   space 2112K,   0% used [0x00000000c1290000, 0x00000000c1290000, 0x00000000c14a0000)
 tenured generation   total 42368K, used 0K [0x00000000d5550000, 0x00000000d7eb0000, 0x0000000100000000)
   the space 42368K,   0% used [0x00000000d5550000, 0x00000000d5550000, 0x00000000d5550200, 0x00000000d7eb0000)
 Metaspace       used 4304K, capacity 5644K, committed 5888K, reserved 1056768K
  class space    used 370K, capacity 456K, committed 512K, reserved 1048576K
Event: 4,911 GC heap after
Heap after GC invocations=1 (full 0):
 def new generation   total 19008K, used 2111K [0x00000000c0000000, 0x00000000c14a0000, 0x00000000d5550000)
  eden space 16896K,   0% used [0x00000000c0000000, 0x00000000c0000000, 0x00000000c1080000)
  from space 2112K,  99% used [0x00000000c1290000, 0x00000000c149fff0, 0x00000000c14a0000)
  to   space 2112K,   0% used [0x00000000c1080000, 0x00000000c1080000, 0x00000000c1290000)
 tenured generation   total 42368K, used 967K [0x00000000d5550000, 0x00000000d7eb0000, 0x0000000100000000)
   the space 42368K,   2% used [0x00000000d5550000, 0x00000000d5641d60, 0x00000000d5641e00, 0x00000000d7eb0000)
 Metaspace       used 4304K, capacity 5644K, committed 5888K, reserved 1056768K
  class space    used 370K, capacity 456K, committed 512K, reserved 1048576K
}
Event: 34,617 GC heap before
{Heap before GC invocations=1 (full 0):
 def new generation   total 19008K, used 19007K [0x00000000c0000000, 0x00000000c14a0000, 0x00000000d5550000)
  eden space 16896K, 100% used [0x00000000c0000000, 0x00000000c1080000, 0x00000000c1080000)
  from space 2112K,  99% used [0x00000000c1290000, 0x00000000c149fff0, 0x00000000c14a0000)
  to   space 2112K,   0% used [0x00000000c1080000, 0x00000000c1080000, 0x00000000c1290000)
 tenured generation   total 42368K, used 967K [0x00000000d5550000, 0x00000000d7eb0000, 0x0000000100000000)
   the space 42368K,   2% used [0x00000000d5550000, 0x00000000d5641d60, 0x00000000d5641e00, 0x00000000d7eb0000)
 Metaspace       used 8105K, capacity 8528K, committed 8576K, reserved 1056768K
  class space    used 1029K, capacity 1105K, committed 1152K, reserved 1048576K
Event: 34,730 GC heap after
Heap after GC invocations=2 (full 0):
 def new generation   total 19008K, used 1996K [0x00000000c0000000, 0x00000000c14a0000, 0x00000000d5550000)
  eden space 16896K,   0% used [0x00000000c0000000, 0x00000000c0000000, 0x00000000c1080000)
  from space 2112K,  94% used [0x00000000c1080000, 0x00000000c12732e8, 0x00000000c1290000)
  to   space 2112K,   0% used [0x00000000c1290000, 0x00000000c1290000, 0x00000000c14a0000)
 tenured generation   total 42368K, used 2557K [0x00000000d5550000, 0x00000000d7eb0000, 0x0000000100000000)
   the space 42368K,   6% used [0x00000000d5550000, 0x00000000d57cf7a0, 0x00000000d57cf800, 0x00000000d7eb0000)
 Metaspace       used 8105K, capacity 8528K, committed 8576K, reserved 1056768K
  class space    used 1029K, capacity 1105K, committed 1152K, reserved 1048576K
}

